Assembler report for ALU
Sat Sep 13 00:24:19 2025
Quartus Prime Version 20.1.1 Build 720 11/11/2020 SJ Lite Edition


---------------------
; Table of Contents ;
---------------------
  1. Legal Notice
  2. Assembler Summary
  3. Assembler Settings
  4. Assembler Generated Files
  5. Assembler Device Options: F:/Proyectos Quartos/avasquez_dgarro_digital_design_lab_2025/Lab2/output_files/ALU.sof
  6. Assembler Messages



----------------
; Legal Notice ;
----------------
Copyright (C) 2020  Intel Corporation. All rights reserved.
Your use of Intel Corporation's design tools, logic functions 
and other software and tools, and any partner logic 
functions, and any output files from any of the foregoing 
(including device programming or simulation files), and any 
associated documentation or information are expressly subject 
to the terms and conditions of the Intel Program License 
Subscription Agreement, the Intel Quartus Prime License Agreement,
the Intel FPGA IP License Agreement, or other applicable license
agreement, including, without limitation, that your use is for
the sole purpose of programming logic devices manufactured by
Intel and sold by Intel or its authorized distributors.  Please
refer to the applicable agreement for further details, at
https://fpgasoftware.intel.com/eula.



+---------------------------------------------------------------+
; Assembler Summary                                             ;
+-----------------------+---------------------------------------+
; Assembler Status      ; Successful - Sat Sep 13 00:24:19 2025 ;
; Revision Name         ; ALU                                   ;
; Top-level Entity Name ; ALU2                                  ;
; Family                ; Cyclone V                             ;
; Device                ; 5CSXFC6D6F31C6                        ;
+-----------------------+---------------------------------------+


+----------------------------------+
; Assembler Settings               ;
+--------+---------+---------------+
; Option ; Setting ; Default Value ;
+--------+---------+---------------+


+----------------------------------------------------------------------------------------+
; Assembler Generated Files                                                              ;
+----------------------------------------------------------------------------------------+
; File Name                                                                              ;
+----------------------------------------------------------------------------------------+
; F:/Proyectos Quartos/avasquez_dgarro_digital_design_lab_2025/Lab2/output_files/ALU.sof ;
+----------------------------------------------------------------------------------------+


+------------------------------------------------------------------------------------------------------------------+
; Assembler Device Options: F:/Proyectos Quartos/avasquez_dgarro_digital_design_lab_2025/Lab2/output_files/ALU.sof ;
+----------------+-------------------------------------------------------------------------------------------------+
; Option         ; Setting                                                                                         ;
+----------------+-------------------------------------------------------------------------------------------------+
; JTAG usercode  ; 0x00E1B27D                                                                                      ;
; Checksum       ; 0x00E1B27D                                                                                      ;
+----------------+-------------------------------------------------------------------------------------------------+


+--------------------+
; Assembler Messages ;
+--------------------+
Info: *******************************************************************
Info: Running Quartus Prime Assembler
    Info: Version 20.1.1 Build 720 11/11/2020 SJ Lite Edition
    Info: Processing started: Sat Sep 13 00:24:10 2025
Info: Command: quartus_asm --read_settings_files=off --write_settings_files=off ALU -c ALU
Warning (18236): Number of processors has not been specified which may cause overloading on shared machines.  Set the global assignment NUM_PARALLEL_PROCESSORS in your QSF to an appropriate value for best performance.
Info (115030): Assembler is generating device programming files
Info: Quartus Prime Assembler was successful. 0 errors, 1 warning
    Info: Peak virtual memory: 4865 megabytes
    Info: Processing ended: Sat Sep 13 00:24:19 2025
    Info: Elapsed time: 00:00:09
    Info: Total CPU time (on all processors): 00:00:07


